<?xml version="1.0" encoding="UTF-8"?>
<testng-results total="1" passed="1" failed="0" skipped="0">
  <reporter-output>
  </reporter-output>
  <suite started-at="2024-05-08T10:12:48Z" name="Default suite" finished-at="2024-05-08T10:16:59Z" duration-ms="250848">
    <groups>
    </groups>
    <test started-at="2024-05-08T10:12:48Z" name="Default test" finished-at="2024-05-08T10:16:59Z" duration-ms="250848">
      <class name="seleniumOperations.Selenium4features">
        <test-method signature="OpenNewTab()[pri:0, instance:seleniumOperations.Selenium4features@61c4eee0]" started-at="2024-05-08T15:42:48Z" name="OpenNewTab" finished-at="2024-05-08T15:46:59Z" duration-ms="250824" status="PASS">
          <reporter-output>
          </reporter-output>
        </test-method> <!-- OpenNewTab -->
      </class> <!-- seleniumOperations.Selenium4features -->
    </test> <!-- Default test -->
  </suite> <!-- Default suite -->
</testng-results>
